{"contracts\\Election.sol":{"l":{"29":12,"33":12,"34":12,"36":12,"37":60,"38":240,"42":12,"46":2,"47":2,"51":1,"53":1,"57":3,"58":3,"62":2,"66":1,"71":1,"72":1,"73":1,"75":1,"76":1,"77":1,"79":1,"80":1,"81":1,"85":0,"86":0,"87":0,"88":0,"89":0,"90":0,"91":0,"95":0,"96":0,"99":0},"path":"C:\\Users\\sgoel\\OneDrive\\Documents\\GitHub\\assignment4web3\\contracts\\Election.sol","s":{"1":12,"2":12,"3":60,"4":240,"5":2,"6":2,"7":1,"8":3,"9":3,"10":2,"11":1,"12":0,"13":0,"14":0,"15":0,"16":0,"17":0,"18":0},"b":{"1":[12,0],"2":[2,0],"3":[1,1],"4":[1,0],"5":[3,0],"6":[2,1],"7":[1,1],"8":[1,0],"9":[0,0]},"f":{"1":12,"2":2,"3":3,"4":0},"fnMap":{"1":{"name":"constructor","line":28,"loc":{"start":{"line":28,"column":1},"end":{"line":43,"column":1}}},"2":{"name":"registerVoter","line":45,"loc":{"start":{"line":45,"column":1},"end":{"line":54,"column":1}}},"3":{"name":"castVote","line":56,"loc":{"start":{"line":56,"column":1},"end":{"line":82,"column":1}}},"4":{"name":"winningCandidatesName","line":84,"loc":{"start":{"line":84,"column":1},"end":{"line":100,"column":1}}}},"statementMap":{"1":{"start":{"line":29,"column":2},"end":{"line":29,"column":969}},"2":{"start":{"line":36,"column":2},"end":{"line":36,"column":1118}},"3":{"start":{"line":37,"column":3},"end":{"line":37,"column":1153}},"4":{"start":{"line":38,"column":4},"end":{"line":38,"column":73}},"5":{"start":{"line":46,"column":2},"end":{"line":46,"column":58}},"6":{"start":{"line":47,"column":2},"end":{"line":47,"column":1441}},"7":{"start":{"line":51,"column":2},"end":{"line":51,"column":67}},"8":{"start":{"line":57,"column":2},"end":{"line":57,"column":58}},"9":{"start":{"line":58,"column":2},"end":{"line":58,"column":1822}},"10":{"start":{"line":62,"column":2},"end":{"line":62,"column":1914}},"11":{"start":{"line":66,"column":2},"end":{"line":66,"column":2024}},"12":{"start":{"line":85,"column":8},"end":{"line":85,"column":31}},"13":{"start":{"line":86,"column":2},"end":{"line":86,"column":2832}},"14":{"start":{"line":87,"column":3},"end":{"line":87,"column":17}},"15":{"start":{"line":88,"column":3},"end":{"line":88,"column":2908}},"16":{"start":{"line":89,"column":4},"end":{"line":89,"column":2970}},"17":{"start":{"line":95,"column":2},"end":{"line":95,"column":3116}},"18":{"start":{"line":99,"column":2},"end":{"line":99,"column":21}}},"branchMap":{"1":{"line":29,"type":"if","locations":[{"start":{"line":29,"column":2},"end":{"line":29,"column":2}},{"start":{"line":29,"column":2},"end":{"line":29,"column":2}}]},"2":{"line":46,"type":"if","locations":[{"start":{"line":46,"column":2},"end":{"line":46,"column":2}},{"start":{"line":46,"column":2},"end":{"line":46,"column":2}}]},"3":{"line":47,"type":"if","locations":[{"start":{"line":47,"column":2},"end":{"line":47,"column":2}},{"start":{"line":47,"column":2},"end":{"line":47,"column":2}}]},"4":{"line":51,"type":"if","locations":[{"start":{"line":51,"column":2},"end":{"line":51,"column":2}},{"start":{"line":51,"column":2},"end":{"line":51,"column":2}}]},"5":{"line":57,"type":"if","locations":[{"start":{"line":57,"column":2},"end":{"line":57,"column":2}},{"start":{"line":57,"column":2},"end":{"line":57,"column":2}}]},"6":{"line":58,"type":"if","locations":[{"start":{"line":58,"column":2},"end":{"line":58,"column":2}},{"start":{"line":58,"column":2},"end":{"line":58,"column":2}}]},"7":{"line":62,"type":"if","locations":[{"start":{"line":62,"column":2},"end":{"line":62,"column":2}},{"start":{"line":62,"column":2},"end":{"line":62,"column":2}}]},"8":{"line":66,"type":"if","locations":[{"start":{"line":66,"column":2},"end":{"line":66,"column":2}},{"start":{"line":66,"column":2},"end":{"line":66,"column":2}}]},"9":{"line":89,"type":"if","locations":[{"start":{"line":89,"column":4},"end":{"line":89,"column":4}},{"start":{"line":89,"column":4},"end":{"line":89,"column":4}}]}}}}