TN:
SF:C:\Users\sgoel\OneDrive\Documents\GitHub\assignment4web3\contracts\Election.sol
FN:28,constructor
FN:45,registerVoter
FN:56,castVote
FN:84,winningCandidatesName
FNF:4
FNH:3
FNDA:12,constructor
FNDA:2,registerVoter
FNDA:3,castVote
FNDA:0,winningCandidatesName
DA:29,12
DA:33,12
DA:34,12
DA:36,12
DA:37,60
DA:38,240
DA:42,12
DA:46,2
DA:47,2
DA:51,1
DA:53,1
DA:57,3
DA:58,3
DA:62,2
DA:66,1
DA:71,1
DA:72,1
DA:73,1
DA:75,1
DA:76,1
DA:77,1
DA:79,1
DA:80,1
DA:81,1
DA:85,0
DA:86,0
DA:87,0
DA:88,0
DA:89,0
DA:90,0
DA:91,0
DA:95,0
DA:96,0
DA:99,0
LF:34
LH:24
BRDA:29,1,0,12
BRDA:29,1,1,0
BRDA:46,2,0,2
BRDA:46,2,1,0
BRDA:47,3,0,1
BRDA:47,3,1,1
BRDA:51,4,0,1
BRDA:51,4,1,0
BRDA:57,5,0,3
BRDA:57,5,1,0
BRDA:58,6,0,2
BRDA:58,6,1,1
BRDA:62,7,0,1
BRDA:62,7,1,1
BRDA:66,8,0,1
BRDA:66,8,1,0
BRDA:89,9,0,0
BRDA:89,9,1,0
BRF:18
BRH:11
end_of_record
